<?xml version="1.0" encoding="UTF-8"?>
<testsuite xmlns:xsi="http://www.w3.org/2001/XMLSchema-instance" xsi:noNamespaceSchemaLocation="https://maven.apache.org/surefire/maven-surefire-plugin/xsd/surefire-test-report.xsd" name="cn.conque.DemoApplicationTests" time="4.226" tests="6" errors="0" skipped="0" failures="0">
  <properties>
[...]
</properties>
  <testcase name="testTopicExchange001" classname="cn.conque.DemoApplicationTests" time="0.106"/>
  <testcase name="testTopicExchange002" classname="cn.conque.DemoApplicationTests" time="0.003"/>
  <testcase name="testTopicExchange003" classname="cn.conque.DemoApplicationTests" time="0.006"/>
  <testcase name="testFanoutExchange" classname="cn.conque.DemoApplicationTests" time="0.005"/>
  <testcase name="testDirectExchange001" classname="cn.conque.DemoApplicationTests" time="0.004"/>
  <testcase name="testDirectExchange002" classname="cn.conque.DemoApplicationTests" time="0.003"/>
</testsuite>